TN:
SF:src/components/DomainGroup.tsx
FN:10,DomainGroup
FN:13,(anonymous_1)
FN:14,(anonymous_2)
FN:14,(anonymous_3)
FN:15,(anonymous_4)
FN:31,(anonymous_5)
FN:45,(anonymous_6)
FNF:7
FNH:6
FNDA:8,DomainGroup
FNDA:1,(anonymous_1)
FNDA:2,(anonymous_2)
FNDA:2,(anonymous_3)
FNDA:1,(anonymous_4)
FNDA:0,(anonymous_5)
FNDA:13,(anonymous_6)
DA:11,8
DA:13,8
DA:14,2
DA:15,1
DA:18,8
DA:22,8
DA:31,0
DA:46,13
LF:8
LH:7
BRDA:19,0,0,8
BRDA:19,0,1,0
BRF:2
BRH:1
end_of_record
TN:
SF:src/components/SettingsPanel.tsx
FN:10,SettingsPanel
FN:23,(anonymous_1)
FN:30,(anonymous_2)
FNF:3
FNH:3
FNDA:3,SettingsPanel
FNDA:9,(anonymous_1)
FNDA:1,(anonymous_2)
DA:11,3
DA:12,3
DA:18,3
DA:24,9
DA:30,1
LF:5
LH:5
BRF:0
BRH:0
end_of_record
TN:
SF:src/components/TabGrid.tsx
FN:8,buildLayout
FN:9,(anonymous_1)
FN:11,(anonymous_2)
FN:25,TabGrid
FN:29,(anonymous_4)
FN:30,(anonymous_5)
FN:35,(anonymous_6)
FN:36,(anonymous_7)
FN:39,(anonymous_8)
FN:42,(anonymous_9)
FN:55,(anonymous_10)
FNF:11
FNH:10
FNDA:2,buildLayout
FNDA:2,(anonymous_1)
FNDA:4,(anonymous_2)
FNDA:2,TabGrid
FNDA:1,(anonymous_4)
FNDA:1,(anonymous_5)
FNDA:1,(anonymous_6)
FNDA:1,(anonymous_7)
FNDA:1,(anonymous_8)
FNDA:0,(anonymous_9)
FNDA:4,(anonymous_10)
DA:9,2
DA:10,2
DA:11,2
DA:12,4
DA:13,2
DA:14,2
DA:15,2
DA:16,2
DA:26,2
DA:27,2
DA:29,2
DA:30,1
DA:31,1
DA:35,2
DA:36,1
DA:39,2
DA:40,1
DA:41,1
DA:42,1
DA:45,2
DA:56,4
LF:21
LH:21
BRDA:12,0,0,2
BRDA:12,0,1,2
BRDA:15,1,0,0
BRDA:15,1,1,2
BRF:4
BRH:3
end_of_record
TN:
SF:src/components/TabRow.tsx
FN:8,TabRow
FN:16,(anonymous_1)
FN:18,(anonymous_2)
FN:19,(anonymous_3)
FN:23,(anonymous_4)
FN:25,(anonymous_5)
FN:39,(anonymous_6)
FN:47,(anonymous_7)
FNF:8
FNH:6
FNDA:18,TabRow
FNDA:1,(anonymous_1)
FNDA:1,(anonymous_2)
FNDA:1,(anonymous_3)
FNDA:1,(anonymous_4)
FNDA:1,(anonymous_5)
FNDA:0,(anonymous_6)
FNDA:0,(anonymous_7)
DA:9,18
DA:12,18
DA:16,18
DA:17,1
DA:18,1
DA:19,1
DA:23,18
DA:24,1
DA:25,1
DA:28,18
DA:31,18
DA:39,0
DA:47,0
LF:13
LH:11
BRDA:12,0,0,18
BRDA:12,0,1,2
BRDA:12,0,2,1
BRDA:17,1,0,0
BRDA:17,1,1,1
BRDA:19,2,0,1
BRDA:19,2,1,0
BRDA:25,3,0,1
BRDA:25,3,1,0
BRDA:28,4,0,18
BRDA:28,4,1,13
BRDA:29,5,0,13
BRDA:29,5,1,0
BRDA:33,6,0,1
BRDA:33,6,1,17
BRDA:39,7,0,0
BRDA:39,7,1,0
BRF:17
BRH:11
end_of_record
TN:
SF:src/components/TopBar.tsx
FN:11,TopBar
FN:14,(anonymous_1)
FN:31,(anonymous_2)
FNF:3
FNH:2
FNDA:3,TopBar
FNDA:0,(anonymous_1)
FNDA:1,(anonymous_2)
DA:12,3
DA:14,3
DA:15,0
DA:18,3
DA:31,1
LF:5
LH:4
BRF:0
BRH:0
end_of_record
TN:
SF:src/components/settingsPanel.css
FNF:0
FNH:0
LF:0
LH:0
BRF:0
BRH:0
end_of_record
TN:
SF:src/components/topbar.css
FNF:0
FNH:0
LF:0
LH:0
BRF:0
BRH:0
end_of_record
TN:
SF:src/hooks/useTabs.ts
FN:7,useTabs
FN:10,(anonymous_1)
FN:12,(anonymous_2)
FN:13,(anonymous_3)
FN:17,(anonymous_4)
FN:19,(anonymous_5)
FN:29,(anonymous_6)
FNF:7
FNH:7
FNDA:7,useTabs
FNDA:4,(anonymous_1)
FNDA:4,(anonymous_2)
FNDA:7,(anonymous_3)
FNDA:3,(anonymous_4)
FNDA:1,(anonymous_5)
FNDA:3,(anonymous_6)
DA:8,7
DA:10,7
DA:11,4
DA:12,4
DA:13,7
DA:17,7
DA:18,3
DA:19,3
DA:20,1
DA:25,1
DA:28,3
DA:29,3
DA:32,7
LF:13
LH:13
BRDA:20,0,0,1
BRDA:20,0,1,0
BRDA:21,1,0,1
BRDA:21,1,1,1
BRDA:21,1,2,1
BRF:5
BRH:4
end_of_record
TN:
SF:src/hooks/useTheme.ts
FN:4,applyTheme
FN:12,useTheme
FN:15,(anonymous_2)
FN:16,(anonymous_3)
FN:22,(anonymous_4)
FNF:5
FNH:5
FNDA:5,applyTheme
FNDA:7,useTheme
FNDA:4,(anonymous_2)
FNDA:4,(anonymous_3)
FNDA:1,(anonymous_4)
DA:5,5
DA:6,2
DA:8,3
DA:13,7
DA:15,7
DA:16,4
DA:17,4
DA:18,4
DA:22,7
DA:23,1
DA:24,1
DA:25,1
DA:28,7
LF:13
LH:13
BRDA:5,0,0,2
BRDA:5,0,1,3
BRF:2
BRH:2
end_of_record
TN:
SF:src/i18n/en.json
FNF:0
FNH:0
DA:1,3
DA:2,3
DA:3,3
DA:4,3
DA:5,3
DA:6,3
DA:7,3
DA:8,3
DA:9,3
DA:10,3
DA:11,3
LF:11
LH:11
BRF:0
BRH:0
end_of_record
TN:
SF:src/i18n/index.ts
FNF:0
FNH:0
DA:6,3
DA:8,3
LF:2
LH:2
BRDA:6,0,0,0
BRDA:6,0,1,3
BRF:2
BRH:1
end_of_record
TN:
SF:src/i18n/zh.json
FNF:0
FNH:0
DA:1,3
DA:2,3
DA:3,3
DA:4,3
DA:5,3
DA:6,3
DA:7,3
DA:8,3
DA:9,3
DA:10,3
DA:11,3
LF:11
LH:11
BRF:0
BRH:0
end_of_record
TN:
SF:src/lib/domain.ts
FN:3,getRootDomain
FNF:1
FNH:1
FNDA:13,getRootDomain
DA:4,13
DA:5,12
DA:6,12
DA:7,12
DA:9,0
LF:5
LH:4
BRDA:4,0,0,1
BRDA:4,0,1,12
BRDA:7,1,0,12
BRDA:7,1,1,2
BRF:4
BRH:4
end_of_record
TN:
SF:src/lib/groupTabs.ts
FN:3,groupTabsByDomain
FNF:1
FNH:1
FNDA:4,groupTabsByDomain
DA:6,4
DA:7,4
DA:8,7
DA:9,7
DA:10,6
DA:11,6
DA:13,4
LF:7
LH:7
BRDA:9,0,0,1
BRDA:9,0,1,6
BRDA:10,1,0,4
BRDA:10,1,1,2
BRF:4
BRH:4
end_of_record
TN:
SF:src/lib/storage.ts
FN:5,getLayout
FN:6,(anonymous_1)
FN:7,(anonymous_2)
FN:13,setLayout
FN:14,(anonymous_4)
FN:15,(anonymous_5)
FN:19,getTheme
FN:20,(anonymous_7)
FN:21,(anonymous_8)
FN:27,setTheme
FN:28,(anonymous_10)
FN:29,(anonymous_11)
FNF:12
FNH:12
FNDA:3,getLayout
FNDA:3,(anonymous_1)
FNDA:3,(anonymous_2)
FNDA:1,setLayout
FNDA:1,(anonymous_4)
FNDA:1,(anonymous_5)
FNDA:6,getTheme
FNDA:6,(anonymous_7)
FNDA:6,(anonymous_8)
FNDA:2,setTheme
FNDA:2,(anonymous_10)
FNDA:2,(anonymous_11)
DA:6,3
DA:7,3
DA:8,3
DA:14,1
DA:15,1
DA:20,6
DA:21,6
DA:22,6
DA:28,2
DA:29,2
LF:10
LH:10
BRDA:8,0,0,3
BRDA:8,0,1,2
BRDA:22,1,0,6
BRDA:22,1,1,3
BRF:4
BRH:4
end_of_record
